<?xml version="1.0" encoding="UTF-8"?>
<!-- Generated by org.testng.reporters.JUnitXMLReporter -->
<testsuite hostname="MN-PC" ignored="0" name="Test" tests="2" failures="2" timestamp="02 Mar 2020 00:55:03 GMT" time="232.191" errors="0">
  <testcase name="feature" time="225.458" classname="cucumber.api.testng.AbstractTestNGCucumberTests">
    <failure type="cucumber.runtime.CucumberException" message="java.lang.Throwable: ELEMENT COULD NOT BE LOCATED - PLEASE UPDATE OR FILE. ...[SCREENSHOT :: CHILDACCOUNT_1583110422516.PNG]">
      <![CDATA[cucumber.runtime.CucumberException: java.lang.Throwable: ELEMENT COULD NOT BE LOCATED - PLEASE UPDATE OR FILE. ...[SCREENSHOT :: CHILDACCOUNT_1583110422516.PNG]
at cucumber.api.testng.TestNGCucumberRunner.runCucumber(TestNGCucumberRunner.java:69)
at cucumber.api.testng.AbstractTestNGCucumberTests.feature(AbstractTestNGCucumberTests.java:21)
Caused by: java.lang.Throwable: ELEMENT COULD NOT BE LOCATED - PLEASE UPDATE OR FILE. ...[SCREENSHOT :: CHILDACCOUNT_1583110422516.PNG]
at moneyKey.TEST(English)
at ✽.And user is on "ChildAccount" page(TestAssignment-2.feature:15)
... Removed 29 stack frames]]>
    </failure>
  </testcase> <!-- feature -->
  <testcase name="feature" time="4.877" classname="cucumber.api.testng.AbstractTestNGCucumberTests">
    <failure type="cucumber.runtime.CucumberException" message="java.lang.AssertionError: expected [successfully! deleted Records] but found [null]">
      <![CDATA[cucumber.runtime.CucumberException: java.lang.AssertionError: expected [successfully! deleted Records] but found [null]
at cucumber.api.testng.TestNGCucumberRunner.runCucumber(TestNGCucumberRunner.java:69)
at cucumber.api.testng.AbstractTestNGCucumberTests.feature(AbstractTestNGCucumberTests.java:21)
Caused by: java.lang.AssertionError: expected [successfully! deleted Records] but found [null]
at com.moneyKey.stepDefinition.apiTestRunner.user_Send_a_DELETE_HTTP_Request(apiTestRunner.java:154)
at ✽.And user Send a DELETE HTTP Request(TestAssignment-3-api.feature:24)
... Removed 35 stack frames]]>
    </failure>
  </testcase> <!-- feature -->
</testsuite> <!-- Test -->
